<?xml version="1.0" encoding="UTF-8"?>
<!-- Generated by org.testng.reporters.JUnitReportReporter -->
<testsuite hostname="Bourgeoi" failures="0" tests="1" name="com.healthcare.AppTest" time="0.017" errors="0" timestamp="2024-08-22T18:46:47 EDT" skipped="0">
  <testcase classname="com.healthcare.AppTest" name="testApp" time="0.017"/>
  <system-out/>
</testsuite> <!-- com.healthcare.AppTest -->
